Using pre-set license
Built from '2020.3/release' branch; Version is '2020.3.2f1 (8fd9074bf66c) revision 9427207'; Using compiler version '192528614'; Build Type 'Release'
OS: 'Windows 10 Home; OS build 19042.928; Version 2009; 64bit' Language: 'ko' Physical Memory: 32717 MB
BatchMode: 1, IsHumanControllingUs: 0, StartBugReporterOnCrash: 0, Is64bit: 1, IsPro: 0

 COMMAND LINE ARGUMENTS:
D:\2020.3.2f1\Editor\Unity.exe
-adb2
-batchMode
-noUpm
-name
AssetImportWorker0
-projectPath
D:/Eixirt Git Projects/Senior_Project/BeanRiceHeaven
-logFile
Logs/AssetImportWorker0.log
-srvPort
56297
Successfully changed project path to: D:/Eixirt Git Projects/Senior_Project/BeanRiceHeaven
D:/Eixirt Git Projects/Senior_Project/BeanRiceHeaven
Using Asset Import Pipeline V2.
Refreshing native plugins compatible for Editor in 30.14 ms, found 0 plugins.
Preloading 0 native plugins for Editor in 0.00 ms.
Initialize engine version: 2020.3.2f1 (8fd9074bf66c)
[Subsystems] Discovering subsystems at path D:/2020.3.2f1/Editor/Data/Resources/UnitySubsystems
[Subsystems] Discovering subsystems at path D:/Eixirt Git Projects/Senior_Project/BeanRiceHeaven/Assets
GfxDevice: creating device client; threaded=0
Direct3D:
    Version:  Direct3D 11.0 [level 11.1]
    Renderer: NVIDIA GeForce RTX 2070 SUPER (ID=0x1e84)
    Vendor:   
    VRAM:     8011 MB
    Driver:   27.21.14.6231
Initialize mono
Mono path[0] = 'D:/2020.3.2f1/Editor/Data/Managed'
Mono path[1] = 'D:/2020.3.2f1/Editor/Data/MonoBleedingEdge/lib/mono/unityjit'
Mono config path = 'D:/2020.3.2f1/Editor/Data/MonoBleedingEdge/etc'
Using monoOptions --debugger-agent=transport=dt_socket,embedding=1,server=y,suspend=n,address=127.0.0.1:56984
Begin MonoManager ReloadAssembly
Registering precompiled unity dll's ...
Register platform support module: D:/2020.3.2f1/Editor/Data/PlaybackEngines/WindowsStandaloneSupport/UnityEditor.WindowsStandalone.Extensions.dll
Registered in 0.003138 seconds.
Native extension for WindowsStandalone target not found
Refreshing native plugins compatible for Editor in 26.36 ms, found 0 plugins.
Preloading 0 native plugins for Editor in 0.00 ms.
Invoked RoslynAnalysisRunner static constructor.
RoslynAnalysisRunner will not be running.
RoslynAnalysisRunner has terminated.
Mono: successfully reloaded assembly
- Completed reload, in  1.723 seconds
Platform modules already initialized, skipping
Registering precompiled user dll's ...
Registered in 0.004332 seconds.
Begin MonoManager ReloadAssembly
Native extension for WindowsStandalone target not found
Refreshing native plugins compatible for Editor in 0.33 ms, found 0 plugins.
Preloading 0 native plugins for Editor in 0.00 ms.
Invoked RoslynAnalysisRunner static constructor.
RoslynAnalysisRunner will not be running.
RoslynAnalysisRunner has terminated.
Mono: successfully reloaded assembly
- Completed reload, in  0.787 seconds
Platform modules already initialized, skipping
========================================================================
Worker process is ready to serve import requests
Launched and connected shader compiler UnityShaderCompiler.exe after 0.07 seconds
Refreshing native plugins compatible for Editor in 0.38 ms, found 0 plugins.
Preloading 0 native plugins for Editor in 0.00 ms.
Unloading 1360 Unused Serialized files (Serialized files now loaded: 0)
System memory in use before: 81.0 MB.
System memory in use after: 81.0 MB.

Unloading 17 unused Assets to reduce memory usage. Loaded Objects now: 1821.
Total: 2.231800 ms (FindLiveObjects: 0.193500 ms CreateObjectMapping: 0.032400 ms MarkObjects: 1.933800 ms  DeleteObjects: 0.071000 ms)

========================================================================
Received Import Request.
  path: Assets/Script/Character
  artifactKey: Guid(19158da85da65014a94064cbd2b67994) Importer(815301076,1909f56bfc062723c751e8b465ee728b)
Start importing Assets/Script/Character using Guid(19158da85da65014a94064cbd2b67994) Importer(815301076,1909f56bfc062723c751e8b465ee728b)  -> (artifact id: '66d2ab0dee06c39559f9d1acb9f7b9c1') in 0.008788 seconds
  Import took 0.011125 seconds .

========================================================================
Received Import Request.
  Time since last request: 0.000242 seconds.
  path: Assets/Script/Network
  artifactKey: Guid(059dac8ddfaee464dbbdedf876898774) Importer(815301076,1909f56bfc062723c751e8b465ee728b)
Start importing Assets/Script/Network using Guid(059dac8ddfaee464dbbdedf876898774) Importer(815301076,1909f56bfc062723c751e8b465ee728b)  -> (artifact id: '995787af044b748eb697f280ec46de91') in 0.006432 seconds
  Import took 0.008135 seconds .

========================================================================
Received Import Request.
  Time since last request: 88.681795 seconds.
  path: Assets/Script/Character/BeanController.cs
  artifactKey: Guid(3c45860848c7d9d45b972b5273cf77f0) Importer(815301076,1909f56bfc062723c751e8b465ee728b)
Start importing Assets/Script/Character/BeanController.cs using Guid(3c45860848c7d9d45b972b5273cf77f0) Importer(815301076,1909f56bfc062723c751e8b465ee728b)  -> (artifact id: '60da43bf0c0c879168ee132fcc862384') in 0.026860 seconds
  Import took 0.029028 seconds .

========================================================================
Received Import Request.
  Time since last request: 3.403227 seconds.
  path: Assets/Script/Character/BeanController.cs
  artifactKey: Guid(3c45860848c7d9d45b972b5273cf77f0) Importer(815301076,1909f56bfc062723c751e8b465ee728b)
Start importing Assets/Script/Character/BeanController.cs using Guid(3c45860848c7d9d45b972b5273cf77f0) Importer(815301076,1909f56bfc062723c751e8b465ee728b)  -> (artifact id: 'c0909e2c3b84305004afc49adfcfe984') in 0.005258 seconds
  Import took 0.009194 seconds .

========================================================================
Received Import Request.
  Time since last request: 0.029548 seconds.
  path: Assets/Script/Character/BeanController.cs
  artifactKey: Guid(3c45860848c7d9d45b972b5273cf77f0) Importer(815301076,1909f56bfc062723c751e8b465ee728b)
Start importing Assets/Script/Character/BeanController.cs using Guid(3c45860848c7d9d45b972b5273cf77f0) Importer(815301076,1909f56bfc062723c751e8b465ee728b)  -> (artifact id: 'c0909e2c3b84305004afc49adfcfe984') in 0.003225 seconds
  Import took 0.005415 seconds .

========================================================================
Received Prepare
Registering precompiled user dll's ...
Registered in 0.004552 seconds.
Begin MonoManager ReloadAssembly
Native extension for WindowsStandalone target not found
Refreshing native plugins compatible for Editor in 0.39 ms, found 0 plugins.
Preloading 0 native plugins for Editor in 0.00 ms.
Invoked RoslynAnalysisRunner static constructor.
RoslynAnalysisRunner will not be running.
RoslynAnalysisRunner has terminated.
Mono: successfully reloaded assembly
- Completed reload, in  0.836 seconds
Platform modules already initialized, skipping
Refreshing native plugins compatible for Editor in 0.41 ms, found 0 plugins.
Preloading 0 native plugins for Editor in 0.00 ms.
Unloading 1352 Unused Serialized files (Serialized files now loaded: 0)
System memory in use before: 80.6 MB.
System memory in use after: 80.7 MB.

Unloading 11 unused Assets to reduce memory usage. Loaded Objects now: 1826.
Total: 1.555600 ms (FindLiveObjects: 0.179400 ms CreateObjectMapping: 0.033700 ms MarkObjects: 1.322800 ms  DeleteObjects: 0.018600 ms)

========================================================================
Received Import Request.
  Time since last request: 6.956842 seconds.
  path: Assets/Photon/PhotonUnityNetworking/Demos/DemoAsteroids/Materials/FlyerPlayership.mat
  artifactKey: Guid(99fced4bc2985174cac8512dc765d2bc) Importer(815301076,1909f56bfc062723c751e8b465ee728b)
Start importing Assets/Photon/PhotonUnityNetworking/Demos/DemoAsteroids/Materials/FlyerPlayership.mat using Guid(99fced4bc2985174cac8512dc765d2bc) Importer(815301076,1909f56bfc062723c751e8b465ee728b)  -> (artifact id: 'c2d3e80a2f16f5ca46f16fb11a78c46b') in 0.427485 seconds
  Import took 0.429745 seconds .

========================================================================
Received Import Request.
  Time since last request: 0.000260 seconds.
  path: Assets/Photon/PhotonUnityNetworking/UtilityScripts/PhotonPlayer/Editor/PhotonUnityNetworking.Utilities.PhotonPlayer.Editor.asmdef
  artifactKey: Guid(7024f760fc566cf45a16d2c838e22b2d) Importer(815301076,1909f56bfc062723c751e8b465ee728b)
Start importing Assets/Photon/PhotonUnityNetworking/UtilityScripts/PhotonPlayer/Editor/PhotonUnityNetworking.Utilities.PhotonPlayer.Editor.asmdef using Guid(7024f760fc566cf45a16d2c838e22b2d) Importer(815301076,1909f56bfc062723c751e8b465ee728b)  -> (artifact id: 'f05dd6bcdbf2a2f7c363ea98d7aa1c92') in 0.009685 seconds
  Import took 0.011546 seconds .

========================================================================
Received Import Request.
  Time since last request: 0.000217 seconds.
  path: Assets/Photon/PhotonUnityNetworking/Demos/DemoAsteroids/Textures/FlyerPlayershipOcclusion.tif
  artifactKey: Guid(34b19bc20b665b240af9c0fc9d0086f6) Importer(815301076,1909f56bfc062723c751e8b465ee728b)
Start importing Assets/Photon/PhotonUnityNetworking/Demos/DemoAsteroids/Textures/FlyerPlayershipOcclusion.tif using Guid(34b19bc20b665b240af9c0fc9d0086f6) Importer(815301076,1909f56bfc062723c751e8b465ee728b)  -> (artifact id: '86bd7e96961abe15c1e74c14a0e177f0') in 0.022990 seconds
  Import took 0.024800 seconds .

========================================================================
Received Import Request.
  Time since last request: 0.000255 seconds.
  path: Assets/Photon/PhotonUnityNetworking/Demos/DemoSlotRacer/Resources/Player Controller.prefab
  artifactKey: Guid(c9248d8e58293473bb27cf2f5505f88b) Importer(815301076,1909f56bfc062723c751e8b465ee728b)
Start importing Assets/Photon/PhotonUnityNetworking/Demos/DemoSlotRacer/Resources/Player Controller.prefab using Guid(c9248d8e58293473bb27cf2f5505f88b) Importer(815301076,1909f56bfc062723c751e8b465ee728b)  -> (artifact id: 'fcc1c777f488d4763cef329932dfd325') in 0.126851 seconds
  Import took 0.129698 seconds .

========================================================================
Received Import Request.
  Time since last request: 0.000226 seconds.
  path: Assets/Photon/PhotonUnityNetworking/Demos/DemoAsteroids/Textures/FlyerPlayershipAlbedo.tif
  artifactKey: Guid(b28381ec2a3dce5459a8fd396a0eb560) Importer(815301076,1909f56bfc062723c751e8b465ee728b)
Start importing Assets/Photon/PhotonUnityNetworking/Demos/DemoAsteroids/Textures/FlyerPlayershipAlbedo.tif using Guid(b28381ec2a3dce5459a8fd396a0eb560) Importer(815301076,1909f56bfc062723c751e8b465ee728b)  -> (artifact id: 'f41240565ba0a79527714b6d19e48425') in 0.010501 seconds
  Import took 0.012365 seconds .

========================================================================
Received Import Request.
  Time since last request: 0.000247 seconds.
  path: Assets/Photon/PhotonUnityNetworking/Demos/DemoAsteroids/Textures/FlyerPlayershipEmission.tif
  artifactKey: Guid(88217866776ce4c49944ecb360a5c6ca) Importer(815301076,1909f56bfc062723c751e8b465ee728b)
Start importing Assets/Photon/PhotonUnityNetworking/Demos/DemoAsteroids/Textures/FlyerPlayershipEmission.tif using Guid(88217866776ce4c49944ecb360a5c6ca) Importer(815301076,1909f56bfc062723c751e8b465ee728b)  -> (artifact id: 'afd72a68dd453bd3720e2e25881a57f9') in 0.010969 seconds
  Import took 0.013128 seconds .

========================================================================
Received Import Request.
  Time since last request: 0.000269 seconds.
  path: Assets/Resources/Prefab/Player.prefab
  artifactKey: Guid(63518438abade5b49a6b2a28c3e5f35e) Importer(815301076,1909f56bfc062723c751e8b465ee728b)
Start importing Assets/Resources/Prefab/Player.prefab using Guid(63518438abade5b49a6b2a28c3e5f35e) Importer(815301076,1909f56bfc062723c751e8b465ee728b)  -> (artifact id: 'e06b67768faa2f122a251a5bcc6d0d13') in 0.067932 seconds
  Import took 0.070479 seconds .

========================================================================
Received Import Request.
  Time since last request: 0.000215 seconds.
  path: Assets/Photon/PhotonUnityNetworking/Demos/DemoAsteroids/Prefabs/PlayerListEntry.prefab
  artifactKey: Guid(d68bf8413681d9b4aa7328277e632e3f) Importer(815301076,1909f56bfc062723c751e8b465ee728b)
Start importing Assets/Photon/PhotonUnityNetworking/Demos/DemoAsteroids/Prefabs/PlayerListEntry.prefab using Guid(d68bf8413681d9b4aa7328277e632e3f) Importer(815301076,1909f56bfc062723c751e8b465ee728b)  -> (artifact id: 'ded603e5c58be83a7cb7e31a59673717') in 0.024272 seconds
  Import took 0.026389 seconds .

========================================================================
Received Import Request.
  Time since last request: 0.000283 seconds.
  path: Assets/Photon/PhotonUnityNetworking/Demos/PunBasics-Tutorial/Prefabs/Player UI.prefab
  artifactKey: Guid(e41946a981c3b444a84d15eb7c608ca4) Importer(815301076,1909f56bfc062723c751e8b465ee728b)
Start importing Assets/Photon/PhotonUnityNetworking/Demos/PunBasics-Tutorial/Prefabs/Player UI.prefab using Guid(e41946a981c3b444a84d15eb7c608ca4) Importer(815301076,1909f56bfc062723c751e8b465ee728b)  -> (artifact id: 'f89bde19af182500c710d3e1709ba5cc') in 0.013713 seconds
  Import took 0.015977 seconds .

========================================================================
Received Import Request.
  Time since last request: 0.000317 seconds.
  path: Assets/Photon/PhotonUnityNetworking/Demos/DemoAsteroids/Prefabs/PlayerOverviewEntry.prefab
  artifactKey: Guid(f03d1c686a26a1d4da99a4186b0bb1ab) Importer(815301076,1909f56bfc062723c751e8b465ee728b)
Start importing Assets/Photon/PhotonUnityNetworking/Demos/DemoAsteroids/Prefabs/PlayerOverviewEntry.prefab using Guid(f03d1c686a26a1d4da99a4186b0bb1ab) Importer(815301076,1909f56bfc062723c751e8b465ee728b)  -> (artifact id: '796d3f62e84631826734dab5f8abe758') in 0.008607 seconds
  Import took 0.011022 seconds .

========================================================================
Received Import Request.
  Time since last request: 0.000204 seconds.
  path: Assets/Photon/PhotonUnityNetworking/Demos/Shared Assets/Materials/PlayerDiamond.mat
  artifactKey: Guid(c597444fc6a08854d89baeeff4ba511d) Importer(815301076,1909f56bfc062723c751e8b465ee728b)
Start importing Assets/Photon/PhotonUnityNetworking/Demos/Shared Assets/Materials/PlayerDiamond.mat using Guid(c597444fc6a08854d89baeeff4ba511d) Importer(815301076,1909f56bfc062723c751e8b465ee728b)  -> (artifact id: '638589582be1644f484a6a621d1da2b1') in 0.122969 seconds
  Import took 0.124771 seconds .

AssetImportWorkerClient::OnTransportError - code=2 error=End of file
